[debug] [2026-07-16T12:49:35.271Z] ----------------------------------------------------------------------
[debug] [2026-07-16T12:49:35.275Z] Command:       C:\Program Files\nodejs\node.exe C:\Users\HP\AppData\Roaming\npm\node_modules\firebase-tools\lib\bin\firebase.js init functions
[debug] [2026-07-16T12:49:35.275Z] CLI Version:   14.14.0
[debug] [2026-07-16T12:49:35.275Z] Platform:      win32
[debug] [2026-07-16T12:49:35.276Z] Node Version:  v22.16.0
[debug] [2026-07-16T12:49:35.276Z] Time:          Thu Jul 16 2026 18:19:35 GMT+0530 (India Standard Time)
[debug] [2026-07-16T12:49:35.276Z] ----------------------------------------------------------------------
[debug] 
[debug] [2026-07-16T12:49:35.705Z] > command requires scopes: ["email","openid","https://www.googleapis.com/auth/cloudplatformprojects.readonly","https://www.googleapis.com/auth/firebase","https://www.googleapis.com/auth/cloud-platform"]
[debug] [2026-07-16T12:49:35.706Z] > authorizing via signed-in user (pranjalithakare073@gmail.com)
[info] 
     ######## #### ########  ######## ########     ###     ######  ########
     ##        ##  ##     ## ##       ##     ##  ##   ##  ##       ##
     ######    ##  ########  ######   ########  #########  ######  ######
     ##        ##  ##    ##  ##       ##     ## ##     ##       ## ##
     ##       #### ##     ## ######## ########  ##     ##  ######  ########

You're about to initialize a Firebase project in this directory:

  C:\Users\HP\Downloads\MyAmravati Market

Before we get started, keep in mind:

  * You are initializing within an existing Firebase project directory

[info] 
=== Project Setup
[info] 
[info] First, let's associate this project directory with a Firebase project.
[info] You can create multiple project aliases by running firebase use --add, 
[info] but for now we'll just set up a default project.
[info] 
[debug] [2026-07-16T12:50:06.489Z] Using project from CLI flag: myamravati-market-17248
[debug] [2026-07-16T12:50:06.493Z] Checked if tokens are valid: false, expires at: 1784206843541
[debug] [2026-07-16T12:50:06.494Z] Checked if tokens are valid: false, expires at: 1784206843541
[debug] [2026-07-16T12:50:06.494Z] > refreshing access token with scopes: []
[debug] [2026-07-16T12:50:06.500Z] >>> [apiv2][query] POST https://www.googleapis.com/oauth2/v3/token [none]
[debug] [2026-07-16T12:50:06.500Z] >>> [apiv2][body] POST https://www.googleapis.com/oauth2/v3/token [omitted]
[debug] [2026-07-16T12:50:07.058Z] <<< [apiv2][status] POST https://www.googleapis.com/oauth2/v3/token 200
[debug] [2026-07-16T12:50:07.058Z] <<< [apiv2][body] POST https://www.googleapis.com/oauth2/v3/token [omitted]
[debug] [2026-07-16T12:50:07.070Z] >>> [apiv2][query] GET https://firebase.googleapis.com/v1beta1/projects/myamravati-market-17248 [none]
[debug] [2026-07-16T12:50:07.995Z] <<< [apiv2][status] GET https://firebase.googleapis.com/v1beta1/projects/myamravati-market-17248 200
[debug] [2026-07-16T12:50:07.995Z] <<< [apiv2][body] GET https://firebase.googleapis.com/v1beta1/projects/myamravati-market-17248 {"projectId":"myamravati-market-17248","projectNumber":"390266313293","displayName":"myamravati-market","name":"projects/myamravati-market-17248","resources":{"hostingSite":"myamravati-market-17248"},"state":"ACTIVE","labels":{"firebase":"enabled","firebase/storage-default-bucket":"created"},"etag":"1_c2146088-2fc8-4661-b44e-8a16143f17cc"}
[info] i  Using project myamravati-market-17248 (myamravati-market) 
[info] 
=== Functions Setup
[debug] [2026-07-16T12:50:08.454Z] > command requires scopes: ["email","openid","https://www.googleapis.com/auth/cloudplatformprojects.readonly","https://www.googleapis.com/auth/firebase","https://www.googleapis.com/auth/cloud-platform"]
[debug] [2026-07-16T12:50:08.455Z] > authorizing via signed-in user (pranjalithakare073@gmail.com)
[debug] [2026-07-16T12:50:08.455Z] [iam] checking project myamravati-market-17248 for permissions ["firebase.projects.get"]
[debug] [2026-07-16T12:50:08.457Z] Checked if tokens are valid: true, expires at: 1784209806058
[debug] [2026-07-16T12:50:08.457Z] Checked if tokens are valid: true, expires at: 1784209806058
[debug] [2026-07-16T12:50:08.457Z] >>> [apiv2][query] POST https://cloudresourcemanager.googleapis.com/v1/projects/myamravati-market-17248:testIamPermissions [none]
[debug] [2026-07-16T12:50:08.457Z] >>> [apiv2][(partial)header] POST https://cloudresourcemanager.googleapis.com/v1/projects/myamravati-market-17248:testIamPermissions x-goog-quota-user=projects/myamravati-market-17248
[debug] [2026-07-16T12:50:08.458Z] >>> [apiv2][body] POST https://cloudresourcemanager.googleapis.com/v1/projects/myamravati-market-17248:testIamPermissions {"permissions":["firebase.projects.get"]}
[debug] [2026-07-16T12:50:10.188Z] <<< [apiv2][status] POST https://cloudresourcemanager.googleapis.com/v1/projects/myamravati-market-17248:testIamPermissions 200
[debug] [2026-07-16T12:50:10.188Z] <<< [apiv2][body] POST https://cloudresourcemanager.googleapis.com/v1/projects/myamravati-market-17248:testIamPermissions {"permissions":["firebase.projects.get"]}
[info] Let's create a new codebase for your functions.
[info] A directory corresponding to the codebase will be created in your project
[info] with sample code pre-configured.

[info] See https://firebase.google.com/docs/functions/organize-functions for
[info] more information on organizing your functions using codebases.

[info] Functions can be deployed with firebase deploy.

[debug] [2026-07-16T12:50:28.212Z] ExitPromptError: User force closed the prompt with SIGINT
    at Interface.sigint (C:\Users\HP\AppData\Roaming\npm\node_modules\firebase-tools\node_modules\@inquirer\core\dist\commonjs\lib\create-prompt.js:101:37)
    at Interface.emit (node:events:518:28)
    at Interface.emit (node:domain:489:12)
    at [_ttyWrite] [as _ttyWrite] (node:internal/readline/interface:1128:18)
    at ReadStream.onkeypress (node:internal/readline/interface:267:20)
    at ReadStream.emit (node:events:530:35)
    at ReadStream.emit (node:domain:489:12)
    at emitKeys (node:internal/readline/utils:370:14)
    at emitKeys.next (<anonymous>)
    at ReadStream.onData (node:internal/readline/emitKeypressEvents:64:36)
[error] 
[error] Error: An unexpected error has occurred.
